<?xml version="1.0" encoding="UTF-8"?>
<testsuite name="com.ludo.Snake.and.Ladder.SnakeAndLadderApplicationTests" tests="1" skipped="0" failures="0" errors="0" timestamp="2023-08-17T11:09:24" hostname="DESKTOP-N5CBGJC" time="0.339">
  <properties/>
  <testcase name="contextLoads()" classname="com.ludo.Snake.and.Ladder.SnakeAndLadderApplicationTests" time="0.339"/>
  <system-out><![CDATA[16:39:14.897 [Test worker] DEBUG org.springframework.boot.test.context.SpringBootTestContextBootstrapper -- Neither @ContextConfiguration nor @ContextHierarchy found for test class [SnakeAndLadderApplicationTests]: using SpringBootContextLoader
16:39:14.908 [Test worker] DEBUG org.springframework.test.context.support.AbstractContextLoader -- Could not detect default resource locations for test class [com.ludo.Snake.and.Ladder.SnakeAndLadderApplicationTests]: no resource found for suffixes {-context.xml, Context.groovy}.
16:39:14.910 [Test worker] INFO org.springframework.test.context.support.AnnotationConfigContextLoaderUtils -- Could not detect default configuration classes for test class [com.ludo.Snake.and.Ladder.SnakeAndLadderApplicationTests]: SnakeAndLadderApplicationTests does not declare any static, non-private, non-final, nested classes annotated with @Configuration.
16:39:14.978 [Test worker] DEBUG org.springframework.boot.test.context.SpringBootTestContextBootstrapper -- Using ContextCustomizers for test class [SnakeAndLadderApplicationTests]: [DisableObservabilityContextCustomizer, PropertyMappingContextCustomizer, Customizer, ExcludeFilterContextCustomizer, DuplicateJsonObjectContextCustomizer, MockitoContextCustomizer, TestRestTemplateContextCustomizer, WebTestClientContextCustomizer]
16:39:15.262 [Test worker] DEBUG org.springframework.context.annotation.ClassPathScanningCandidateComponentProvider -- Identified candidate component class: file [D:\HK-Innovations\Snake-and-Ladder\build\classes\groovy\main\com\ludo\Snake\and\Ladder\SnakeAndLadderApplication.class]
16:39:15.266 [Test worker] INFO org.springframework.boot.test.context.SpringBootTestContextBootstrapper -- Found @SpringBootConfiguration com.ludo.Snake.and.Ladder.SnakeAndLadderApplication for test class com.ludo.Snake.and.Ladder.SnakeAndLadderApplicationTests
16:39:15.561 [Test worker] DEBUG org.springframework.boot.test.context.SpringBootTestContextBootstrapper -- Using TestExecutionListeners for test class [SnakeAndLadderApplicationTests]: [ServletTestExecutionListener, DirtiesContextBeforeModesTestExecutionListener, ApplicationEventsTestExecutionListener, MockitoTestExecutionListener, DependencyInjectionTestExecutionListener, DirtiesContextTestExecutionListener, TransactionalTestExecutionListener, SqlScriptsTestExecutionListener, EventPublishingTestExecutionListener, RestDocsTestExecutionListener, MockRestServiceServerResetTestExecutionListener, MockMvcPrintOnlyOnFailureTestExecutionListener, WebDriverTestExecutionListener, MockWebServiceServerTestExecutionListener, ResetMocksTestExecutionListener]
16:39:15.564 [Test worker] DEBUG org.springframework.test.context.support.AbstractDirtiesContextTestExecutionListener -- Before test class: class [SnakeAndLadderApplicationTests], class annotated with @DirtiesContext [false] with mode [null]

  .   ____          _            __ _ _
 /\\ / ___'_ __ _ _(_)_ __  __ _ \ \ \ \
( ( )\___ | '_ | '_| | '_ \/ _` | \ \ \ \
 \\/  ___)| |_)| | | | | || (_| |  ) ) ) )
  '  |____| .__|_| |_|_| |_\__, | / / / /
 =========|_|==============|___/=/_/_/_/
 :: Spring Boot ::                (v3.0.6)

2023-08-17T16:39:16.595+05:30  INFO 3540 --- [    Test worker] c.l.S.a.L.SnakeAndLadderApplicationTests : Starting SnakeAndLadderApplicationTests using Java 19.0.1 with PID 3540 (started by kunda in D:\HK-Innovations\Snake-and-Ladder)
2023-08-17T16:39:16.597+05:30  INFO 3540 --- [    Test worker] c.l.S.a.L.SnakeAndLadderApplicationTests : The following 1 profile is active: "dev"
2023-08-17T16:39:17.966+05:30  INFO 3540 --- [    Test worker] .s.d.r.c.RepositoryConfigurationDelegate : Multiple Spring Data modules found, entering strict repository configuration mode
2023-08-17T16:39:17.968+05:30  INFO 3540 --- [    Test worker] .s.d.r.c.RepositoryConfigurationDelegate : Bootstrapping Spring Data JDBC repositories in DEFAULT mode.
2023-08-17T16:39:18.035+05:30  INFO 3540 --- [    Test worker] .RepositoryConfigurationExtensionSupport : Spring Data JDBC - Could not safely identify store assignment for repository candidate interface com.ludo.Snake.and.Ladder.repository.BoardRepository; If you want this repository to be a JDBC repository, consider annotating your entities with one of these annotations: org.springframework.data.relational.core.mapping.Table.
2023-08-17T16:39:18.037+05:30  INFO 3540 --- [    Test worker] .RepositoryConfigurationExtensionSupport : Spring Data JDBC - Could not safely identify store assignment for repository candidate interface com.ludo.Snake.and.Ladder.repository.CareerRepository; If you want this repository to be a JDBC repository, consider annotating your entities with one of these annotations: org.springframework.data.relational.core.mapping.Table.
2023-08-17T16:39:18.040+05:30  INFO 3540 --- [    Test worker] .RepositoryConfigurationExtensionSupport : Spring Data JDBC - Could not safely identify store assignment for repository candidate interface com.ludo.Snake.and.Ladder.repository.GameConfigurationRepository; If you want this repository to be a JDBC repository, consider annotating your entities with one of these annotations: org.springframework.data.relational.core.mapping.Table.
2023-08-17T16:39:18.043+05:30  INFO 3540 --- [    Test worker] .RepositoryConfigurationExtensionSupport : Spring Data JDBC - Could not safely identify store assignment for repository candidate interface com.ludo.Snake.and.Ladder.repository.GridRepository; If you want this repository to be a JDBC repository, consider annotating your entities with one of these annotations: org.springframework.data.relational.core.mapping.Table.
2023-08-17T16:39:18.046+05:30  INFO 3540 --- [    Test worker] .RepositoryConfigurationExtensionSupport : Spring Data JDBC - Could not safely identify store assignment for repository candidate interface com.ludo.Snake.and.Ladder.repository.LeaderBoardRepository; If you want this repository to be a JDBC repository, consider annotating your entities with one of these annotations: org.springframework.data.relational.core.mapping.Table.
2023-08-17T16:39:18.050+05:30  INFO 3540 --- [    Test worker] .RepositoryConfigurationExtensionSupport : Spring Data JDBC - Could not safely identify store assignment for repository candidate interface com.ludo.Snake.and.Ladder.repository.PlayerRepository; If you want this repository to be a JDBC repository, consider annotating your entities with one of these annotations: org.springframework.data.relational.core.mapping.Table.
2023-08-17T16:39:18.051+05:30  INFO 3540 --- [    Test worker] .s.d.r.c.RepositoryConfigurationDelegate : Finished Spring Data repository scanning in 76 ms. Found 0 JDBC repository interfaces.
2023-08-17T16:39:18.077+05:30  INFO 3540 --- [    Test worker] .s.d.r.c.RepositoryConfigurationDelegate : Multiple Spring Data modules found, entering strict repository configuration mode
2023-08-17T16:39:18.078+05:30  INFO 3540 --- [    Test worker] .s.d.r.c.RepositoryConfigurationDelegate : Bootstrapping Spring Data JPA repositories in DEFAULT mode.
2023-08-17T16:39:18.293+05:30  INFO 3540 --- [    Test worker] .s.d.r.c.RepositoryConfigurationDelegate : Finished Spring Data repository scanning in 208 ms. Found 6 JPA repository interfaces.
2023-08-17T16:39:19.187+05:30  INFO 3540 --- [    Test worker] o.hibernate.jpa.internal.util.LogHelper  : HHH000204: Processing PersistenceUnitInfo [name: default]
2023-08-17T16:39:19.353+05:30  INFO 3540 --- [    Test worker] org.hibernate.Version                    : HHH000412: Hibernate ORM core version 6.1.7.Final
2023-08-17T16:39:19.890+05:30  INFO 3540 --- [    Test worker] com.zaxxer.hikari.HikariDataSource       : HikariPool-1 - Starting...
2023-08-17T16:39:20.443+05:30  INFO 3540 --- [    Test worker] com.zaxxer.hikari.pool.HikariPool        : HikariPool-1 - Added connection com.mysql.cj.jdbc.ConnectionImpl@1cb44a2f
2023-08-17T16:39:20.443+05:30  INFO 3540 --- [    Test worker] com.zaxxer.hikari.HikariDataSource       : HikariPool-1 - Start completed.
2023-08-17T16:39:20.485+05:30  INFO 3540 --- [    Test worker] SQL dialect                              : HHH000400: Using dialect: org.hibernate.dialect.MySQL8Dialect
2023-08-17T16:39:20.485+05:30  WARN 3540 --- [    Test worker] org.hibernate.orm.deprecation            : HHH90000026: MySQL8Dialect has been deprecated; use org.hibernate.dialect.MySQLDialect instead
2023-08-17T16:39:22.444+05:30  INFO 3540 --- [    Test worker] o.h.e.t.j.p.i.JtaPlatformInitiator       : HHH000490: Using JtaPlatform implementation: [org.hibernate.engine.transaction.jta.platform.internal.NoJtaPlatform]
2023-08-17T16:39:22.444+05:30  INFO 3540 --- [    Test worker] j.LocalContainerEntityManagerFactoryBean : Initialized JPA EntityManagerFactory for persistence unit 'default'
2023-08-17T16:39:22.958+05:30  WARN 3540 --- [    Test worker] ocalVariableTableParameterNameDiscoverer : Using deprecated '-debug' fallback for parameter name resolution. Compile the affected code with '-parameters' instead or avoid its introspection: com.ludo.Snake.and.Ladder.repository.PlayerRepository
2023-08-17T16:39:23.665+05:30  WARN 3540 --- [    Test worker] JpaBaseConfiguration$JpaWebConfiguration : spring.jpa.open-in-view is enabled by default. Therefore, database queries may be performed during view rendering. Explicitly configure spring.jpa.open-in-view to disable this warning
2023-08-17T16:39:24.471+05:30  WARN 3540 --- [    Test worker] ion$DefaultTemplateResolverConfiguration : Cannot find template location: classpath:/templates/ (please add some templates, check your Thymeleaf configuration, or set spring.thymeleaf.check-template-location=false)
2023-08-17T16:39:24.850+05:30  INFO 3540 --- [    Test worker] o.s.m.s.b.SimpleBrokerMessageHandler     : Starting...
2023-08-17T16:39:24.850+05:30  INFO 3540 --- [    Test worker] o.s.m.s.b.SimpleBrokerMessageHandler     : BrokerAvailabilityEvent[available=true, SimpleBrokerMessageHandler [org.springframework.messaging.simp.broker.DefaultSubscriptionRegistry@5d87c8af]]
2023-08-17T16:39:24.865+05:30  INFO 3540 --- [    Test worker] o.s.m.s.b.SimpleBrokerMessageHandler     : Started.
2023-08-17T16:39:24.865+05:30  INFO 3540 --- [    Test worker] c.l.S.a.L.SnakeAndLadderApplicationTests : Started SnakeAndLadderApplicationTests in 8.822 seconds (process running for 12.084)
]]></system-out>
  <system-err><![CDATA[]]></system-err>
</testsuite>
